info: Microsoft.AspNetCore.DataProtection.KeyManagement.XmlKeyManager[0]
      User profile is available. Using 'C:\Users\sandeep.aggarwal\AppData\Local\ASP.NET\DataProtection-Keys' as key repository and Windows DPAPI to encrypt keys at rest.
Hosting environment: Development
Content root path: C:\Users\sandeep.aggarwal\Desktop\TestCore\RetailApi
Now listening on: https://localhost:5001
Now listening on: http://localhost:5000
Application started. Press Ctrl+C to shut down.
info: Microsoft.AspNetCore.Hosting.Internal.WebHost[1]
      Request starting HTTP/1.1 GET http://localhost:5000/  
info: Microsoft.AspNetCore.Hosting.Internal.WebHost[2]
      Request finished in 21.7282ms 307 
info: Microsoft.AspNetCore.Hosting.Internal.WebHost[1]
      Request starting HTTP/1.1 GET https://localhost:5001/  
info: Microsoft.AspNetCore.Hosting.Internal.WebHost[2]
      Request finished in 37.3059ms 404 
info: Microsoft.AspNetCore.Hosting.Internal.WebHost[1]
      Request starting HTTP/1.1 GET https://localhost:5001/  
info: Microsoft.AspNetCore.Hosting.Internal.WebHost[2]
      Request finished in 0.2564ms 404 
Application is shutting down...
